2019-06-21 00:18:45 - INFO - encrypted socket created
2019-06-21 00:18:45 - INFO - client socket created
2019-06-21 00:18:45 - INFO - Server certificate OK.
2019-06-21 00:18:45 - INFO - connented: Memorsy! Hi There :)
2019-06-21 00:18:45 - INFO - Client started
2019-06-21 00:18:45 - INFO - *** app started
2019-06-21 00:18:54 - INFO -  Success 
2019-06-21 00:18:56 - INFO - card 0 , 1 comparing
2019-06-21 00:18:56 - INFO -  Try again 
2019-06-21 00:18:56 - INFO - these cards are different
2019-06-21 00:18:57 - INFO - card 5 , 0 comparing
2019-06-21 00:18:57 - INFO -  It's a pair! 
2019-06-21 00:18:57 - INFO - these cards are match
2019-06-21 00:18:59 - INFO - card 2 , 1 comparing
2019-06-21 00:18:59 - INFO -  It's a pair! 
2019-06-21 00:18:59 - INFO - these cards are match
2019-06-21 00:19:00 - INFO - card 4 , 3 comparing
2019-06-21 00:19:00 - INFO -  Game Over 
2019-06-21 00:19:00 - INFO - Game is over
2019-06-21 00:19:06 - INFO - starting new game
2019-06-21 00:19:06 - INFO -  Memorsy! Hi There :) 
2019-06-21 00:19:06 - INFO -  Success 
2019-06-21 00:19:08 - INFO - card 0 , 1 comparing
2019-06-21 00:19:08 - INFO -  Try again 
2019-06-21 00:19:08 - INFO - these cards are different
2019-06-21 00:19:09 - INFO - card 7 , 6 comparing
2019-06-21 00:19:09 - INFO -  Try again 
2019-06-21 00:19:09 - INFO - these cards are different
2019-06-21 00:19:12 - INFO - card 2 , 7 comparing
2019-06-21 00:19:12 - INFO -  It's a pair! 
2019-06-21 00:19:12 - INFO - these cards are match
2019-06-21 00:19:13 - INFO - card 6 , 3 comparing
2019-06-21 00:19:13 - INFO -  Try again 
2019-06-21 00:19:13 - INFO - these cards are different
2019-06-21 00:19:15 - INFO - card 9 , 1 comparing
2019-06-21 00:19:15 - INFO -  Try again 
2019-06-21 00:19:15 - INFO - these cards are different
2019-06-21 00:19:16 - INFO - card 0 , 3 comparing
2019-06-21 00:19:16 - INFO -  It's a pair! 
2019-06-21 00:19:16 - INFO - these cards are match
2019-06-21 00:19:18 - INFO - card 8 , 9 comparing
2019-06-21 00:19:18 - INFO -  Try again 
2019-06-21 00:19:18 - INFO - these cards are different
2019-06-21 00:19:20 - INFO - card 1 , 8 comparing
2019-06-21 00:19:20 - INFO -  It's a pair! 
2019-06-21 00:19:20 - INFO - these cards are match
2019-06-21 00:19:21 - INFO - card 6 , 4 comparing
2019-06-21 00:19:21 - INFO -  Try again 
2019-06-21 00:19:21 - INFO - these cards are different
2019-06-21 00:19:23 - INFO - card 10 , 9 comparing
2019-06-21 00:19:23 - INFO -  Try again 
2019-06-21 00:19:23 - INFO - these cards are different
2019-06-21 00:19:25 - INFO - card 5 , 4 comparing
2019-06-21 00:19:25 - INFO -  Try again 
2019-06-21 00:19:25 - INFO - these cards are different
2019-06-21 00:19:27 - INFO - card 10 , 5 comparing
2019-06-21 00:19:27 - INFO -  It's a pair! 
2019-06-21 00:19:27 - INFO - these cards are match
2019-06-21 00:19:28 - INFO - card 11 , 4 comparing
2019-06-21 00:19:28 - INFO -  It's a pair! 
2019-06-21 00:19:28 - INFO - these cards are match
2019-06-21 00:19:30 - INFO - card 9 , 6 comparing
2019-06-21 00:19:30 - INFO -  Game Over 
2019-06-21 00:19:30 - INFO - Game is over
2019-06-21 00:19:32 - INFO - starting new game
2019-06-21 00:19:32 - INFO -  Memorsy! Hi There :) 
2019-06-21 00:19:33 - INFO -  Success 
2019-06-21 00:19:34 - INFO - card 0 , 4 comparing
2019-06-21 00:19:34 - INFO -  Try again 
2019-06-21 00:19:34 - INFO - these cards are different
2019-06-21 00:19:35 - INFO - card 2 , 1 comparing
2019-06-21 00:19:35 - INFO -  Try again 
2019-06-21 00:19:35 - INFO - these cards are different
2019-06-21 00:19:43 - INFO - encrypted socket created
2019-06-21 00:19:43 - INFO - client socket created
2019-06-21 00:19:43 - INFO - Server certificate OK.
2019-06-21 00:19:43 - INFO - connented: Memorsy! Hi There :)
2019-06-21 00:19:43 - INFO - Client started
2019-06-21 00:19:43 - INFO - *** app started
2019-06-21 00:19:46 - INFO -  Success 
2019-06-21 00:19:47 - INFO - card 4 , 1 comparing
2019-06-21 00:19:47 - INFO -  Try again 
2019-06-21 00:19:47 - INFO - these cards are different
2019-06-21 00:19:51 - INFO - card 5 , 1 comparing
2019-06-21 00:19:51 - INFO -  It's a pair! 
2019-06-21 00:19:51 - INFO - these cards are match
2019-06-21 00:19:55 - INFO - card 5 , 0 comparing
2019-06-21 00:19:55 - INFO -  Try again 
2019-06-21 00:19:55 - INFO - these cards are different
2019-06-21 00:19:57 - INFO - card 4 , 2 comparing
2019-06-21 00:19:57 - INFO -  Try again 
2019-06-21 00:19:57 - INFO - these cards are different
2019-06-21 00:19:59 - INFO - card 1 , 5 comparing
2019-06-21 00:19:59 - INFO -  It's a pair! 
2019-06-21 00:19:59 - INFO - these cards are match
2019-06-21 00:20:01 - INFO - card 4 , 0 comparing
2019-06-21 00:20:01 - INFO -  Try again 
2019-06-21 00:20:01 - INFO - these cards are different
2019-06-21 00:20:03 - INFO - card 3 , 0 comparing
2019-06-21 00:20:03 - INFO -  It's a pair! 
2019-06-21 00:20:03 - INFO - these cards are match
2019-06-21 00:20:04 - INFO - card 0 , 3 comparing
2019-06-21 00:20:04 - INFO -  Try again 
2019-06-21 00:20:04 - INFO - these cards are different
2019-06-21 00:20:06 - INFO - card 4 , 0 comparing
2019-06-21 00:20:06 - INFO -  It's a pair! 
2019-06-21 00:20:06 - INFO - these cards are match
2019-06-21 00:20:08 - INFO - card 3 , 2 comparing
2019-06-21 00:20:08 - INFO -  Game Over 
2019-06-21 00:20:08 - INFO - Game is over
2019-06-21 00:20:10 - INFO - card 2 , 4 comparing
2019-06-21 00:20:10 - INFO -  Game Over 
2019-06-21 00:20:10 - INFO - Game is over
2019-06-21 00:20:11 - INFO - quitting game
2019-06-21 00:20:17 - INFO - quitting game
