2019-06-20 01:06:25 - INFO - cards sucessfully read
2019-06-20 01:06:25 - INFO - Server started
2019-06-20 01:06:25 - INFO - waiting for connections...
2019-06-20 01:06:25 - INFO - Server: 0 players connected
2019-06-20 01:06:31 - INFO - 127.0.0.1: 54848 connected
2019-06-20 01:06:31 - INFO - waiting for connections...
2019-06-20 01:06:31 - INFO - Server: 1 players connected
2019-06-20 01:06:35 - INFO - map for 1 level succesfuly created
2019-06-20 01:06:39 - INFO -  Player quitting game
2019-06-20 01:06:39 - INFO - client 127.0.0.1 disconnected
2019-06-20 01:37:23 - INFO - cards sucessfully read
2019-06-20 01:37:23 - INFO - Server started
2019-06-20 01:37:23 - INFO - waiting for connections...
2019-06-20 01:37:23 - INFO - Server: 0 players connected
2019-06-20 01:37:31 - INFO - 127.0.0.1: 55078 connected
2019-06-20 01:37:31 - INFO - waiting for connections...
2019-06-20 01:37:31 - INFO - Server: 1 players connected
2019-06-20 01:49:35 - INFO - cards sucessfully read
2019-06-20 01:49:35 - INFO - Server started
2019-06-20 01:49:35 - INFO - waiting for connections...
2019-06-20 01:49:35 - INFO - Server: 0 players connected
2019-06-20 01:49:56 - INFO - 127.0.0.1: 55488 connected
2019-06-20 01:49:56 - INFO - waiting for connections...
2019-06-20 01:49:56 - INFO - Server: 1 players connected
2019-06-20 01:50:03 - INFO - map for 2 level succesfuly created
2019-06-20 01:51:56 - INFO -  Player quitting game
2019-06-20 01:51:56 - INFO - client 127.0.0.1 disconnected
2019-06-20 01:52:09 - INFO - cards sucessfully read
2019-06-20 01:52:09 - INFO - Server started
2019-06-20 01:52:09 - INFO - waiting for connections...
2019-06-20 01:52:09 - INFO - Server: 0 players connected
2019-06-20 01:52:19 - INFO - 127.0.0.1: 55604 connected
2019-06-20 01:52:19 - INFO - waiting for connections...
2019-06-20 01:52:19 - INFO - Server: 1 players connected
2019-06-20 01:52:24 - INFO - map for 1 level succesfuly created
2019-06-20 01:52:50 - INFO - map for 2 level succesfuly created
2019-06-20 01:56:22 - INFO -  Player quitting game
2019-06-20 01:56:22 - INFO - client 127.0.0.1 disconnected
2019-06-20 01:56:43 - INFO - cards sucessfully read
2019-06-20 01:56:43 - INFO - Server started
2019-06-20 01:56:43 - INFO - waiting for connections...
2019-06-20 01:56:43 - INFO - Server: 0 players connected
2019-06-20 01:56:50 - INFO - 127.0.0.1: 55743 connected
2019-06-20 01:56:50 - INFO - waiting for connections...
2019-06-20 01:56:50 - INFO - Server: 1 players connected
2019-06-20 01:56:58 - INFO - map for 1 level succesfuly created
2019-06-20 01:57:13 - INFO -  Player quitting game
2019-06-20 01:57:13 - INFO - client 127.0.0.1 disconnected
2019-06-20 01:58:05 - INFO - cards sucessfully read
2019-06-20 01:58:05 - INFO - Server started
2019-06-20 01:58:05 - INFO - waiting for connections...
2019-06-20 01:58:05 - INFO - Server: 0 players connected
2019-06-20 01:58:14 - INFO - 127.0.0.1: 55848 connected
2019-06-20 01:58:14 - INFO - waiting for connections...
2019-06-20 01:58:14 - INFO - Server: 1 players connected
2019-06-20 01:58:21 - INFO - map for 1 level succesfuly created
2019-06-20 01:58:41 - INFO - map for 2 level succesfuly created
2019-06-20 01:59:59 - INFO -  Player quitting game
2019-06-20 01:59:59 - INFO - client 127.0.0.1 disconnected
2019-06-20 02:03:15 - INFO - cards sucessfully read
2019-06-20 02:03:15 - INFO - Server started
2019-06-20 02:03:15 - INFO - waiting for connections...
2019-06-20 02:03:15 - INFO - Server: 0 players connected
2019-06-20 02:03:19 - INFO - 127.0.0.1: 56024 connected
2019-06-20 02:03:19 - INFO - waiting for connections...
2019-06-20 02:03:19 - INFO - Server: 1 players connected
2019-06-20 02:03:21 - INFO - map for 1 level succesfuly created
2019-06-20 02:05:06 - INFO -  Player quitting game
2019-06-20 02:05:06 - INFO - client 127.0.0.1 disconnected
2019-06-20 02:05:25 - INFO - cards sucessfully read
2019-06-20 02:05:25 - INFO - Server started
2019-06-20 02:05:25 - INFO - waiting for connections...
2019-06-20 02:05:25 - INFO - Server: 0 players connected
2019-06-20 02:05:30 - INFO - 127.0.0.1: 56127 connected
2019-06-20 02:05:30 - INFO - waiting for connections...
2019-06-20 02:05:30 - INFO - Server: 1 players connected
2019-06-20 02:05:34 - INFO - map for 1 level succesfuly created
2019-06-20 02:05:56 - INFO - map for 2 level succesfuly created
2019-06-20 02:06:56 - INFO - cards sucessfully read
2019-06-20 02:06:56 - INFO - Server started
2019-06-20 02:06:56 - INFO - waiting for connections...
2019-06-20 02:06:56 - INFO - Server: 0 players connected
2019-06-20 02:07:22 - INFO - 127.0.0.1: 56364 connected
2019-06-20 02:07:22 - INFO - waiting for connections...
2019-06-20 02:07:22 - INFO - Server: 1 players connected
2019-06-20 02:07:32 - INFO - map for 1 level succesfuly created
2019-06-20 02:07:47 - INFO - map for 2 level succesfuly created
2019-06-20 02:08:53 - INFO -  Player quitting game
2019-06-20 02:08:53 - INFO - client 127.0.0.1 disconnected
